____________________________________________________________________________________________________
Layer (type)                     Output Shape          Param #     Connected to                     
====================================================================================================
input_1 (InputLayer)             (None, 32, 32, 3)     0                                            
____________________________________________________________________________________________________
conv2d_1 (Conv2D)                (None, 32, 32, 64)    1792        input_1[0][0]                    
____________________________________________________________________________________________________
batch_normalization_1 (BatchNorm (None, 32, 32, 64)    256         conv2d_1[0][0]                   
____________________________________________________________________________________________________
elu_1 (ELU)                      (None, 32, 32, 64)    0           batch_normalization_1[0][0]      
____________________________________________________________________________________________________
conv2d_2 (Conv2D)                (None, 32, 32, 64)    36864       elu_1[0][0]                      
____________________________________________________________________________________________________
batch_normalization_2 (BatchNorm (None, 32, 32, 64)    256         conv2d_2[0][0]                   
____________________________________________________________________________________________________
elu_2 (ELU)                      (None, 32, 32, 64)    0           batch_normalization_2[0][0]      
____________________________________________________________________________________________________
conv2d_3 (Conv2D)                (None, 32, 32, 128)   73728       elu_2[0][0]                      
____________________________________________________________________________________________________
batch_normalization_3 (BatchNorm (None, 32, 32, 128)   512         conv2d_3[0][0]                   
____________________________________________________________________________________________________
elu_3 (ELU)                      (None, 32, 32, 128)   0           batch_normalization_3[0][0]      
____________________________________________________________________________________________________
conv2d_4 (Conv2D)                (None, 32, 32, 64)    73728       elu_3[0][0]                      
____________________________________________________________________________________________________
batch_normalization_4 (BatchNorm (None, 32, 32, 64)    256         conv2d_4[0][0]                   
____________________________________________________________________________________________________
elu_4 (ELU)                      (None, 32, 32, 64)    0           batch_normalization_4[0][0]      
____________________________________________________________________________________________________
conv2d_5 (Conv2D)                (None, 32, 32, 128)   73728       elu_4[0][0]                      
____________________________________________________________________________________________________
batch_normalization_5 (BatchNorm (None, 32, 32, 128)   512         conv2d_5[0][0]                   
____________________________________________________________________________________________________
elu_5 (ELU)                      (None, 32, 32, 128)   0           batch_normalization_5[0][0]      
____________________________________________________________________________________________________
conv2d_6 (Conv2D)                (None, 32, 32, 64)    73728       elu_5[0][0]                      
____________________________________________________________________________________________________
batch_normalization_6 (BatchNorm (None, 32, 32, 64)    256         conv2d_6[0][0]                   
____________________________________________________________________________________________________
elu_6 (ELU)                      (None, 32, 32, 64)    0           batch_normalization_6[0][0]      
____________________________________________________________________________________________________
conv2d_7 (Conv2D)                (None, 32, 32, 128)   73728       elu_6[0][0]                      
____________________________________________________________________________________________________
batch_normalization_7 (BatchNorm (None, 32, 32, 64)    256         conv2d_1[0][0]                   
____________________________________________________________________________________________________
batch_normalization_8 (BatchNorm (None, 32, 32, 128)   512         conv2d_3[0][0]                   
____________________________________________________________________________________________________
batch_normalization_9 (BatchNorm (None, 32, 32, 128)   512         conv2d_5[0][0]                   
____________________________________________________________________________________________________
batch_normalization_10 (BatchNor (None, 32, 32, 128)   512         conv2d_7[0][0]                   
____________________________________________________________________________________________________
elu_7 (ELU)                      (None, 32, 32, 64)    0           batch_normalization_7[0][0]      
____________________________________________________________________________________________________
elu_8 (ELU)                      (None, 32, 32, 128)   0           batch_normalization_8[0][0]      
____________________________________________________________________________________________________
elu_9 (ELU)                      (None, 32, 32, 128)   0           batch_normalization_9[0][0]      
____________________________________________________________________________________________________
elu_10 (ELU)                     (None, 32, 32, 128)   0           batch_normalization_10[0][0]     
____________________________________________________________________________________________________
conv2d_8 (Conv2D)                (None, 32, 32, 128)   8192        elu_7[0][0]                      
____________________________________________________________________________________________________
conv2d_9 (Conv2D)                (None, 32, 32, 128)   16384       elu_8[0][0]                      
____________________________________________________________________________________________________
conv2d_10 (Conv2D)               (None, 32, 32, 128)   16384       elu_9[0][0]                      
____________________________________________________________________________________________________
conv2d_11 (Conv2D)               (None, 32, 32, 128)   16384       elu_10[0][0]                     
____________________________________________________________________________________________________
add_1 (Add)                      (None, 32, 32, 128)   0           conv2d_8[0][0]                   
                                                                   conv2d_9[0][0]                   
                                                                   conv2d_10[0][0]                  
                                                                   conv2d_11[0][0]                  
____________________________________________________________________________________________________
batch_normalization_11 (BatchNor (None, 32, 32, 128)   512         add_1[0][0]                      
____________________________________________________________________________________________________
elu_11 (ELU)                     (None, 32, 32, 128)   0           batch_normalization_11[0][0]     
____________________________________________________________________________________________________
conv2d_12 (Conv2D)               (None, 32, 32, 32)    4096        elu_11[0][0]                     
____________________________________________________________________________________________________
batch_normalization_12 (BatchNor (None, 32, 32, 32)    128         conv2d_12[0][0]                  
____________________________________________________________________________________________________
elu_12 (ELU)                     (None, 32, 32, 32)    0           batch_normalization_12[0][0]     
____________________________________________________________________________________________________
max_pooling2d_1 (MaxPooling2D)   (None, 16, 16, 128)   0           add_1[0][0]                      
____________________________________________________________________________________________________
conv2d_13 (Conv2D)               (None, 16, 16, 128)   36864       elu_12[0][0]                     
____________________________________________________________________________________________________
concatenate_1 (Concatenate)      (None, 16, 16, 256)   0           max_pooling2d_1[0][0]            
                                                                   conv2d_13[0][0]                  
____________________________________________________________________________________________________
batch_normalization_13 (BatchNor (None, 16, 16, 256)   1024        concatenate_1[0][0]              
____________________________________________________________________________________________________
elu_13 (ELU)                     (None, 16, 16, 256)   0           batch_normalization_13[0][0]     
____________________________________________________________________________________________________
conv2d_14 (Conv2D)               (None, 16, 16, 128)   294912      elu_13[0][0]                     
____________________________________________________________________________________________________
batch_normalization_14 (BatchNor (None, 16, 16, 128)   512         conv2d_14[0][0]                  
____________________________________________________________________________________________________
elu_14 (ELU)                     (None, 16, 16, 128)   0           batch_normalization_14[0][0]     
____________________________________________________________________________________________________
conv2d_15 (Conv2D)               (None, 16, 16, 256)   294912      elu_14[0][0]                     
____________________________________________________________________________________________________
batch_normalization_15 (BatchNor (None, 16, 16, 256)   1024        conv2d_15[0][0]                  
____________________________________________________________________________________________________
elu_15 (ELU)                     (None, 16, 16, 256)   0           batch_normalization_15[0][0]     
____________________________________________________________________________________________________
conv2d_16 (Conv2D)               (None, 16, 16, 128)   294912      elu_15[0][0]                     
____________________________________________________________________________________________________
batch_normalization_16 (BatchNor (None, 16, 16, 128)   512         conv2d_16[0][0]                  
____________________________________________________________________________________________________
elu_16 (ELU)                     (None, 16, 16, 128)   0           batch_normalization_16[0][0]     
____________________________________________________________________________________________________
conv2d_17 (Conv2D)               (None, 16, 16, 256)   294912      elu_16[0][0]                     
____________________________________________________________________________________________________
batch_normalization_17 (BatchNor (None, 16, 16, 256)   1024        conv2d_17[0][0]                  
____________________________________________________________________________________________________
elu_17 (ELU)                     (None, 16, 16, 256)   0           batch_normalization_17[0][0]     
____________________________________________________________________________________________________
conv2d_18 (Conv2D)               (None, 16, 16, 128)   294912      elu_17[0][0]                     
____________________________________________________________________________________________________
batch_normalization_18 (BatchNor (None, 16, 16, 128)   512         conv2d_18[0][0]                  
____________________________________________________________________________________________________
elu_18 (ELU)                     (None, 16, 16, 128)   0           batch_normalization_18[0][0]     
____________________________________________________________________________________________________
conv2d_19 (Conv2D)               (None, 16, 16, 256)   294912      elu_18[0][0]                     
____________________________________________________________________________________________________
batch_normalization_19 (BatchNor (None, 16, 16, 256)   1024        concatenate_1[0][0]              
____________________________________________________________________________________________________
batch_normalization_20 (BatchNor (None, 16, 16, 256)   1024        conv2d_15[0][0]                  
____________________________________________________________________________________________________
batch_normalization_21 (BatchNor (None, 16, 16, 256)   1024        conv2d_17[0][0]                  
____________________________________________________________________________________________________
batch_normalization_22 (BatchNor (None, 16, 16, 256)   1024        conv2d_19[0][0]                  
____________________________________________________________________________________________________
elu_19 (ELU)                     (None, 16, 16, 256)   0           batch_normalization_19[0][0]     
____________________________________________________________________________________________________
elu_20 (ELU)                     (None, 16, 16, 256)   0           batch_normalization_20[0][0]     
____________________________________________________________________________________________________
elu_21 (ELU)                     (None, 16, 16, 256)   0           batch_normalization_21[0][0]     
____________________________________________________________________________________________________
elu_22 (ELU)                     (None, 16, 16, 256)   0           batch_normalization_22[0][0]     
____________________________________________________________________________________________________
conv2d_20 (Conv2D)               (None, 16, 16, 256)   65536       elu_19[0][0]                     
____________________________________________________________________________________________________
conv2d_21 (Conv2D)               (None, 16, 16, 256)   65536       elu_20[0][0]                     
____________________________________________________________________________________________________
conv2d_22 (Conv2D)               (None, 16, 16, 256)   65536       elu_21[0][0]                     
____________________________________________________________________________________________________
conv2d_23 (Conv2D)               (None, 16, 16, 256)   65536       elu_22[0][0]                     
____________________________________________________________________________________________________
add_2 (Add)                      (None, 16, 16, 256)   0           conv2d_20[0][0]                  
                                                                   conv2d_21[0][0]                  
                                                                   conv2d_22[0][0]                  
                                                                   conv2d_23[0][0]                  
____________________________________________________________________________________________________
batch_normalization_23 (BatchNor (None, 16, 16, 256)   1024        add_2[0][0]                      
____________________________________________________________________________________________________
elu_23 (ELU)                     (None, 16, 16, 256)   0           batch_normalization_23[0][0]     
____________________________________________________________________________________________________
conv2d_24 (Conv2D)               (None, 16, 16, 64)    16384       elu_23[0][0]                     
____________________________________________________________________________________________________
batch_normalization_24 (BatchNor (None, 16, 16, 64)    256         conv2d_24[0][0]                  
____________________________________________________________________________________________________
elu_24 (ELU)                     (None, 16, 16, 64)    0           batch_normalization_24[0][0]     
____________________________________________________________________________________________________
max_pooling2d_2 (MaxPooling2D)   (None, 8, 8, 256)     0           add_2[0][0]                      
____________________________________________________________________________________________________
conv2d_25 (Conv2D)               (None, 8, 8, 256)     147456      elu_24[0][0]                     
____________________________________________________________________________________________________
concatenate_2 (Concatenate)      (None, 8, 8, 512)     0           max_pooling2d_2[0][0]            
                                                                   conv2d_25[0][0]                  
____________________________________________________________________________________________________
batch_normalization_25 (BatchNor (None, 8, 8, 512)     2048        concatenate_2[0][0]              
____________________________________________________________________________________________________
elu_25 (ELU)                     (None, 8, 8, 512)     0           batch_normalization_25[0][0]     
____________________________________________________________________________________________________
conv2d_26 (Conv2D)               (None, 8, 8, 256)     1179648     elu_25[0][0]                     
____________________________________________________________________________________________________
batch_normalization_26 (BatchNor (None, 8, 8, 256)     1024        conv2d_26[0][0]                  
____________________________________________________________________________________________________
elu_26 (ELU)                     (None, 8, 8, 256)     0           batch_normalization_26[0][0]     
____________________________________________________________________________________________________
conv2d_27 (Conv2D)               (None, 8, 8, 512)     1179648     elu_26[0][0]                     
____________________________________________________________________________________________________
batch_normalization_27 (BatchNor (None, 8, 8, 512)     2048        conv2d_27[0][0]                  
____________________________________________________________________________________________________
elu_27 (ELU)                     (None, 8, 8, 512)     0           batch_normalization_27[0][0]     
____________________________________________________________________________________________________
conv2d_28 (Conv2D)               (None, 8, 8, 256)     1179648     elu_27[0][0]                     
____________________________________________________________________________________________________
batch_normalization_28 (BatchNor (None, 8, 8, 256)     1024        conv2d_28[0][0]                  
____________________________________________________________________________________________________
elu_28 (ELU)                     (None, 8, 8, 256)     0           batch_normalization_28[0][0]     
____________________________________________________________________________________________________
conv2d_29 (Conv2D)               (None, 8, 8, 512)     1179648     elu_28[0][0]                     
____________________________________________________________________________________________________
batch_normalization_29 (BatchNor (None, 8, 8, 512)     2048        conv2d_29[0][0]                  
____________________________________________________________________________________________________
elu_29 (ELU)                     (None, 8, 8, 512)     0           batch_normalization_29[0][0]     
____________________________________________________________________________________________________
conv2d_30 (Conv2D)               (None, 8, 8, 256)     1179648     elu_29[0][0]                     
____________________________________________________________________________________________________
batch_normalization_30 (BatchNor (None, 8, 8, 256)     1024        conv2d_30[0][0]                  
____________________________________________________________________________________________________
elu_30 (ELU)                     (None, 8, 8, 256)     0           batch_normalization_30[0][0]     
____________________________________________________________________________________________________
conv2d_31 (Conv2D)               (None, 8, 8, 512)     1179648     elu_30[0][0]                     
____________________________________________________________________________________________________
batch_normalization_31 (BatchNor (None, 8, 8, 512)     2048        concatenate_2[0][0]              
____________________________________________________________________________________________________
batch_normalization_32 (BatchNor (None, 8, 8, 512)     2048        conv2d_27[0][0]                  
____________________________________________________________________________________________________
batch_normalization_33 (BatchNor (None, 8, 8, 512)     2048        conv2d_29[0][0]                  
____________________________________________________________________________________________________
batch_normalization_34 (BatchNor (None, 8, 8, 512)     2048        conv2d_31[0][0]                  
____________________________________________________________________________________________________
elu_31 (ELU)                     (None, 8, 8, 512)     0           batch_normalization_31[0][0]     
____________________________________________________________________________________________________
elu_32 (ELU)                     (None, 8, 8, 512)     0           batch_normalization_32[0][0]     
____________________________________________________________________________________________________
elu_33 (ELU)                     (None, 8, 8, 512)     0           batch_normalization_33[0][0]     
____________________________________________________________________________________________________
elu_34 (ELU)                     (None, 8, 8, 512)     0           batch_normalization_34[0][0]     
____________________________________________________________________________________________________
conv2d_32 (Conv2D)               (None, 8, 8, 512)     262144      elu_31[0][0]                     
____________________________________________________________________________________________________
conv2d_33 (Conv2D)               (None, 8, 8, 512)     262144      elu_32[0][0]                     
____________________________________________________________________________________________________
conv2d_34 (Conv2D)               (None, 8, 8, 512)     262144      elu_33[0][0]                     
____________________________________________________________________________________________________
conv2d_35 (Conv2D)               (None, 8, 8, 512)     262144      elu_34[0][0]                     
____________________________________________________________________________________________________
add_3 (Add)                      (None, 8, 8, 512)     0           conv2d_32[0][0]                  
                                                                   conv2d_33[0][0]                  
                                                                   conv2d_34[0][0]                  
                                                                   conv2d_35[0][0]                  
____________________________________________________________________________________________________
batch_normalization_35 (BatchNor (None, 8, 8, 512)     2048        add_3[0][0]                      
____________________________________________________________________________________________________
elu_35 (ELU)                     (None, 8, 8, 512)     0           batch_normalization_35[0][0]     
____________________________________________________________________________________________________
global_average_pooling2d_1 (Glob (None, 512)           0           elu_35[0][0]                     
____________________________________________________________________________________________________
dense_1 (Dense)                  (None, 100)           51300       global_average_pooling2d_1[0][0] 
====================================================================================================
Total params: 10,912,740
Trainable params: 10,895,780
Non-trainable params: 16,960
____________________________________________________________________________________________________
Test loss:     1.3568544763326644
Test accuracy: 0.7573999762535095
Test error:    0.24260002374649048
Elapsed time = 20037 [s]
